<?xml version="1.0" encoding="UTF-8" standalone="no"?>
<testsuite failures="0" name="cucumber.runtime.formatter.JUnitFormatter" skipped="0" tests="4" time="7.121956">
<testcase classname="Product Attributes Integration Test" name="Verify the product name" time="6.309568">
<system-out><![CDATA[When User hits get endpoint "https://ibt-dev.scloud.stibo.com/restapi/products/SKU-137322".passed
Then Product name in response should be "91225001091".......................passed
]]></system-out>
</testcase>
<testcase classname="Product Attributes Integration Test" name="Verify the product name 2" time="0.33363">
<system-out><![CDATA[When User hits get endpoint "https://ibt-dev.scloud.stibo.com/restapi/products/SKU-115401".passed
Then Product name in response should be "91772012236".......................passed
]]></system-out>
</testcase>
<testcase classname="Product Attributes Integration Test" name="Verify the product name 3" time="0.247527">
<system-out><![CDATA[When User hits get endpoint "https://ibt-dev.scloud.stibo.com/restapi/products/SKU-115403".passed
Then Product name in response should be "91772012251".......................passed
]]></system-out>
</testcase>
<testcase classname="Product Attributes Integration Test" name="Verify the product name 4" time="0.231231">
<system-out><![CDATA[When User hits get endpoint "https://ibt-dev.scloud.stibo.com/restapi/products/SKU-158125".passed
Then Product name in response should be "54855106"..........................passed
]]></system-out>
</testcase>
</testsuite>
